Running: D:\ISEXixin\14.7\ISE_DS\ISE\bin\nt64\unwrapped\fuse.exe -intstyle ise -incremental -lib unisims_ver -lib unimacro_ver -lib xilinxcorelib_ver -o B:/EE120ALab/Lab2/Lab2Part2A/Part2A_Part2A_sch_tb_isim_beh.exe -prj B:/EE120ALab/Lab2/Lab2Part2A/Part2A_Part2A_sch_tb_beh.prj work.Part2A_Part2A_sch_tb work.glbl 
ISim P.20131013 (signature 0x7708f090)
Number of CPUs detected in this system: 8
Turning on mult-threading, number of parallel sub-compilation jobs: 16 
Determining compilation order of HDL files
Analyzing Verilog file "B:/EE120ALab/Lab2/Lab2Part2A/Part2A.vf" into library work
Analyzing Verilog file "B:/EE120ALab/Lab2/Lab2Part2A/test.v" into library work
Analyzing Verilog file "D:/ISEXixin/14.7/ISE_DS/ISE//verilog/src/glbl.v" into library work
Starting static elaboration
Completed static elaboration
Compiling module INV
Compiling module AND3
Compiling module OR4
Compiling module Part2A
Compiling module Part2A_Part2A_sch_tb
Compiling module glbl
Time Resolution for simulation is 1ps.
Waiting for 1 sub-compilation(s) to finish...
Compiled 6 Verilog Units
Built simulation executable B:/EE120ALab/Lab2/Lab2Part2A/Part2A_Part2A_sch_tb_isim_beh.exe
Fuse Memory Usage: 28588 KB
Fuse CPU Usage: 374 ms
