ISim log file
Running: B:\EE120ALab\Lab2\Lab2Part1B\test2_isim_beh.exe -intstyle ise -gui -tclbatch isim.cmd -wdb B:/EE120ALab/Lab2/Lab2Part1B/test2_isim_beh.wdb 
ISim P.20131013 (signature 0x7708f090)
WARNING: A WEBPACK license was found.
WARNING: Please use Xilinx License Configuration Manager to check out a full ISim license.
WARNING: ISim will run in Lite mode. Please refer to the ISim documentation for more information on the differences between the Lite and the Full version.
This is a Lite version of ISim.
Time resolution is 1 ps
# onerror resume
# wave add /
# run 1000 ns
Simulator is doing circuit initialization process.
Finished circuit initialization process.
TC1
TC2
TC3
TC4
TC5
TC6
TC7
TC8
