Command line:
   Decoder_isim_beh.exe
     -simmode  gui
     -simrunnum  0
     -socket  49846

Sat Oct 12 21:23:37 2019


 Elaboration Time: 0.0625 sec

 Current Memory Usage: 5164.03 Meg

 Total Signals          : 65
 Total Nets             : 37
 Total Signal Drivers   : 25
 Total Blocks           : 10
 Total Primitive Blocks : 9
 Total Processes        : 26
 Total Traceable Variables  : 18
 Total Scalar Nets and Variables : 117
Total Line Count : 14

 Total Simulation Time: 0.0625 sec

 Current Memory Usage: 5164.03 Meg

Sat Oct 12 21:23:46 2019

