Command line:
   Part2A_Part2A_sch_tb_isim_beh.exe
     -simmode  gui
     -simrunnum  0
     -socket  51755

Mon Oct 14 16:53:50 2019


 Elaboration Time: 0.03125 sec

 Current Memory Usage: 5163.43 Meg

 Total Signals          : 52
 Total Nets             : 26
 Total Signal Drivers   : 18
 Total Blocks           : 10
 Total Primitive Blocks : 8
 Total Processes        : 20
 Total Traceable Variables  : 24
 Total Scalar Nets and Variables : 112
Total Line Count : 51

 Total Simulation Time: 0.0625 sec

 Current Memory Usage: 5163.43 Meg

Mon Oct 14 16:54:09 2019

