Running: D:\ISEXixin\14.7\ISE_DS\ISE\bin\nt64\unwrapped\fuse.exe -intstyle ise -incremental -lib unisims_ver -lib unimacro_ver -lib xilinxcorelib_ver -o B:/StevenXikangLab2/Lab2_Lab2_sch_tb_isim_beh.exe -prj B:/StevenXikangLab2/Lab2_Lab2_sch_tb_beh.prj work.Lab2_Lab2_sch_tb work.glbl 
ISim P.20131013 (signature 0x7708f090)
Number of CPUs detected in this system: 8
Turning on mult-threading, number of parallel sub-compilation jobs: 16 
Determining compilation order of HDL files
Analyzing Verilog file "B:/StevenXikangLab2/Lab2.vf" into library work
Analyzing Verilog file "B:/StevenXikangLab2/Lab2Test1.v" into library work
Analyzing Verilog file "D:/ISEXixin/14.7/ISE_DS/ISE//verilog/src/glbl.v" into library work
Starting static elaboration
Completed static elaboration
Compiling module INV
Compiling module AND4
Compiling module Lab2
Compiling module Lab2_Lab2_sch_tb
Compiling module glbl
Time Resolution for simulation is 1ps.
Waiting for 1 sub-compilation(s) to finish...
Compiled 5 Verilog Units
Built simulation executable B:/StevenXikangLab2/Lab2_Lab2_sch_tb_isim_beh.exe
Fuse Memory Usage: 28492 KB
Fuse CPU Usage: 374 ms
