ISim log file
Running: B:\StevenXikangLab2\Lab2_Lab2_sch_tb_isim_beh.exe -intstyle ise -gui -tclbatch isim.cmd -wdb B:/StevenXikangLab2/Lab2_Lab2_sch_tb_isim_beh.wdb 
ISim P.20131013 (signature 0x7708f090)
WARNING: A WEBPACK license was found.
WARNING: Please use Xilinx License Configuration Manager to check out a full ISim license.
WARNING: ISim will run in Lite mode. Please refer to the ISim documentation for more information on the differences between the Lite and the Full version.
This is a Lite version of ISim.
Time resolution is 1 ps
# onerror resume
# wave add /
# run 1000 ns
Simulator is doing circuit initialization process.
Finished circuit initialization process.
TC1
Result is wrong
TC2
Result is wrong
TC3
Result is wrong
TC4
Result is wrong
TC5
Result is wrong
TC6
Result is wrong
TC7
Result is wrong
TC8
Result is wrong
