Command line:
   Try_isim_beh.exe
     -simmode  gui
     -simrunnum  0
     -socket  61345

Thu Oct 10 13:48:25 2019


 Elaboration Time: 0.03125 sec

 Current Memory Usage: 5164 Meg

 Total Signals          : 15
 Total Nets             : 15
 Total Signal Drivers   : 6
 Total Blocks           : 2
 Total Primitive Blocks : 2
 Total Processes        : 7
 Total Traceable Variables  : 18
 Total Scalar Nets and Variables : 95
Total Line Count : 15

 Total Simulation Time: 0.03125 sec

 Current Memory Usage: 5164 Meg

Thu Oct 10 13:48:32 2019

