--------------------------------------------------------------------------------
Release 14.7 Trace  (nt64)
Copyright (c) 1995-2013 Xilinx, Inc.  All rights reserved.

D:\ISEXixin\14.7\ISE_DS\ISE\bin\nt64\unwrapped\trce.exe -intstyle ise -v 3 -s 5
-n 3 -fastpaths -xml MOdule.twx MOdule.ncd -o MOdule.twr MOdule.pcf -ucf
UCF.ucf

Design file:              MOdule.ncd
Physical constraint file: MOdule.pcf
Device,package,speed:     xc3s100e,cp132,-5 (PRODUCTION 1.27 2013-10-13)
Report level:             verbose report

Environment Variable      Effect 
--------------------      ------ 
NONE                      No environment variables were set
--------------------------------------------------------------------------------

INFO:Timing:2698 - No timing constraints found, doing default enumeration.
INFO:Timing:3412 - To improve timing, see the Timing Closure User Guide (UG612).
INFO:Timing:2752 - To get complete path coverage, use the unconstrained paths 
   option. All paths that are not constrained will be reported in the 
   unconstrained paths section(s) of the report.
INFO:Timing:3339 - The clock-to-out numbers in this timing report are based on 
   a 50 Ohm transmission line loading model.  For the details of this model, 
   and for more information on accounting for different loading conditions, 
   please see the device datasheet.
INFO:Timing:3390 - This architecture does not support a default System Jitter 
   value, please add SYSTEM_JITTER constraint to the UCF to modify the Clock 
   Uncertainty calculation.
INFO:Timing:3389 - This architecture does not support 'Discrete Jitter' and 
   'Phase Error' calculations, these terms will be zero in the Clock 
   Uncertainty calculation.  Please make appropriate modification to 
   SYSTEM_JITTER to account for the unsupported Discrete Jitter and Phase 
   Error.



Data Sheet report:
-----------------
All values displayed in nanoseconds (ns)

Pad to Pad
---------------+---------------+---------+
Source Pad     |Destination Pad|  Delay  |
---------------+---------------+---------+
sw0            |aaa            |    7.323|
sw0            |bbb            |    7.986|
sw0            |ccc            |    8.462|
sw0            |ddd            |    8.101|
sw0            |eee            |    7.898|
sw0            |fff            |    7.659|
sw0            |ggg            |    8.184|
sw1            |aaa            |    7.746|
sw1            |bbb            |    7.240|
sw1            |ccc            |    7.772|
sw1            |ddd            |    8.501|
sw1            |eee            |    7.104|
sw1            |fff            |    7.926|
sw1            |ggg            |    7.446|
sw2            |aaa            |    6.979|
sw2            |bbb            |    7.206|
sw2            |ccc            |    7.732|
sw2            |ddd            |    7.784|
sw2            |eee            |    7.229|
sw2            |fff            |    7.304|
sw2            |ggg            |    7.549|
sw3            |aaa            |    6.492|
sw3            |bbb            |    7.324|
sw3            |ccc            |    7.823|
sw3            |ddd            |    7.303|
sw3            |eee            |    7.387|
sw3            |fff            |    6.680|
sw3            |ggg            |    7.678|
---------------+---------------+---------+


Analysis completed Mon Oct 14 20:04:56 2019 
--------------------------------------------------------------------------------

Trace Settings:
-------------------------
Trace Settings 

Peak Memory Usage: 4486 MB



