Command line:
   Lab2_Lab2_sch_tb_isim_beh.exe
     -simmode  gui
     -simrunnum  0
     -socket  61929

Thu Oct 10 14:34:36 2019


 Elaboration Time: 0.03125 sec

 Current Memory Usage: 5163.43 Meg

 Total Signals          : 82
 Total Nets             : 28
 Total Signal Drivers   : 20
 Total Blocks           : 14
 Total Primitive Blocks : 12
 Total Processes        : 22
 Total Traceable Variables  : 22
 Total Scalar Nets and Variables : 112
Total Line Count : 64

 Total Simulation Time: 0.0625 sec

 Current Memory Usage: 5006.14 Meg

Thu Oct 10 14:46:12 2019

